<?xml version="1.0" encoding="UTF-8"?>
<robot generator="Robot 5.0.1 (Python 3.10.5 on win32)" generated="20220721 23:59:23.423" rpa="false" schemaversion="3">
<suite id="s1" name="AmazonTestes" source="D:\Pasta Estudos Tiago\Robotframework\Webtesting\AmazonTestes.robot">
<test id="s1-t1" name="Caso de Teste 01 - Acesso menu &quot;Eletronicos&quot;" line="8">
<kw name="Abrir o navegador" library="Amazon_resources" type="SETUP">
<kw name="Open Browser" library="SeleniumLibrary">
<arg>browser=chrome</arg>
<doc>Opens a new browser instance to the optional ``url``.</doc>
<msg timestamp="20220721 23:59:23.623" level="INFO">Opening browser 'chrome' to base url 'None'.</msg>
<status status="PASS" starttime="20220721 23:59:23.623" endtime="20220721 23:59:25.585"/>
</kw>
<kw name="Maximize Browser Window" library="SeleniumLibrary">
<doc>Maximizes current browser window.</doc>
<status status="PASS" starttime="20220721 23:59:25.585" endtime="20220721 23:59:25.718"/>
</kw>
<status status="PASS" starttime="20220721 23:59:23.622" endtime="20220721 23:59:25.718"/>
</kw>
<kw name="Acessar a home page da Amazon" library="Amazon_resources">
<kw name="Go To" library="SeleniumLibrary">
<arg>url=${URL}</arg>
<doc>Navigates the current browser window to the provided ``url``.</doc>
<msg timestamp="20220721 23:59:25.720" level="INFO">Opening url 'http://www.amazom.com.br/'</msg>
<status status="PASS" starttime="20220721 23:59:25.720" endtime="20220721 23:59:32.055"/>
</kw>
<kw name="Wait Until Element Is Visible" library="SeleniumLibrary">
<arg>locator=${MenuEletronicos}</arg>
<doc>Waits until the element ``locator`` is visible.</doc>
<status status="PASS" starttime="20220721 23:59:32.056" endtime="20220721 23:59:32.094"/>
</kw>
<kw name="Click Element" library="SeleniumLibrary">
<arg>locator=${BarraPesquisa}</arg>
<doc>Click the element identified by ``locator``.</doc>
<msg timestamp="20220721 23:59:32.095" level="INFO">Clicking element '//input[contains(@type,'text')]'.</msg>
<status status="PASS" starttime="20220721 23:59:32.094" endtime="20220721 23:59:32.176"/>
</kw>
<status status="PASS" starttime="20220721 23:59:25.719" endtime="20220721 23:59:32.176"/>
</kw>
<doc>Este teste veifica o menu de eletronicos do site da Amazon.com.br
pontos e espaço duplos paa quebrar linhas</doc>
<tag>Categorias</tag>
<tag>menus</tag>
<status status="PASS" starttime="20220721 23:59:23.621" endtime="20220721 23:59:32.177"/>
</test>
<status status="PASS" starttime="20220721 23:59:23.425" endtime="20220721 23:59:32.178"/>
</suite>
<statistics>
<total>
<stat pass="1" fail="0" skip="0">All Tests</stat>
</total>
<tag>
<stat pass="1" fail="0" skip="0">Categorias</stat>
<stat pass="1" fail="0" skip="0">menus</stat>
</tag>
<suite>
<stat pass="1" fail="0" skip="0" id="s1" name="AmazonTestes">AmazonTestes</stat>
</suite>
</statistics>
<errors>
</errors>
</robot>
